<?xml version="1.0" encoding="UTF-8"?>
<!-- Generated by org.testng.reporters.JUnitReportReporter -->
<testsuite skipped="0" hostname="LAPTOP-68GSKGTP" name="random.stuffs.FacebookLoginTest" tests="1" failures="0" timestamp="17 Nov 2018 15:40:18 GMT" time="9.564" errors="0">
  <testcase name="facebookLoginTest" time="9.564" classname="random.stuffs.FacebookLoginTest"/>
</testsuite> <!-- random.stuffs.FacebookLoginTest -->
