<?xml version="1.0" encoding="UTF-8"?>
<!-- Generated by org.testng.reporters.JUnitReportReporter -->
<testsuite skipped="0" hostname="LAPTOP-68GSKGTP" name="random.stuffs.FacebookLoginTest" tests="1" failures="0" timestamp="16 Nov 2018 11:55:32 GMT" time="10.111" errors="0">
  <testcase name="facebookLoginTest" time="10.111" classname="random.stuffs.FacebookLoginTest"/>
</testsuite> <!-- random.stuffs.FacebookLoginTest -->
